

*******************************************************************************
Tue Feb  4 15:58:41 2014


FIT:    data read from 'likelihood_projection_for_mass25.dat' u 1:2:3
BREAK:          No data to fit 



*******************************************************************************
Tue Feb  4 15:58:41 2014


FIT:    data read from 'likelihood_best_section_for_mass25.dat' u 1:2:3
BREAK:          No data to fit 



*******************************************************************************
Fri Feb  7 14:07:03 2014


FIT:    data read from 'likelihood_projection_for_mass25.dat' u 1:2:3
BREAK:          No data to fit 



*******************************************************************************
Fri Feb  7 14:07:03 2014


FIT:    data read from 'likelihood_best_section_for_mass25.dat' u 1:2:3
BREAK:          No data to fit 



*******************************************************************************
Mon Feb 24 17:36:07 2014


FIT:    data read from 'likelihood_projection_for_mass25.dat' u 1:2:3
BREAK:          No data to fit 



*******************************************************************************
Mon Feb 24 17:36:07 2014


FIT:    data read from 'likelihood_best_section_for_mass25.dat' u 1:2:3
BREAK:          No data to fit 



*******************************************************************************
Mon Feb 24 17:37:30 2014


FIT:    data read from 'likelihood_projection_for_mass25.dat' u 1:2:3
BREAK:          No data to fit 



*******************************************************************************
Mon Feb 24 17:37:30 2014


FIT:    data read from 'likelihood_best_section_for_mass25.dat' u 1:2:3
BREAK:          No data to fit 



*******************************************************************************
Mon Feb 24 17:40:40 2014


FIT:    data read from 'likelihood_projection_for_mass25.dat' u 1:2:3
BREAK:          No data to fit 



*******************************************************************************
Mon Feb 24 17:40:40 2014


FIT:    data read from 'likelihood_best_section_for_mass25.dat' u 1:2:3
BREAK:          No data to fit 

