 Parameter lamws                has been read with value 2.253000e-01        
 Parameter rhows                has been read with value 1.320000e-01        
 Parameter aws                  has been read with value 8.080000e-01        
 Parameter etaws                has been read with value 3.410000e-01        
 Parameter yme                  has been read with value 5.110000e-04        
 Parameter ymm                  has been read with value 1.056600e-01        
 Parameter ymtau                has been read with value 1.777000e+00        
 Parameter ymb                  has been read with value 4.200000e+00        
 Parameter ymc                  has been read with value 1.270000e+00        
 Parameter ymt                  has been read with value 1.645000e+02        
 Parameter me                   has been read with value 5.110000e-04        
 Parameter mh                   has been read with value 125                 
 Parameter mm                   has been read with value 1.056600e-01        
 Parameter mta                  has been read with value 1.777000e+00        
 Parameter mz                   has been read with value 9.118800e+01        
 Parameter mp                   has been read with value 1.250000e+02        
 Parameter mb                   has been read with value 4.700000e+00        
 Parameter mc                   has been read with value 1.420000e+00        
 Parameter mt                   has been read with value 1.720000e+02        
 Parameter aewm1                has been read with value 1.325070e+02        
 Parameter as                   has been read with value 1.180000e-01        
 Parameter gf                   has been read with value 1.166390e-05        
 Parameter ww                   has been read with value 2.047600e+00        
 Parameter wh                   has been read with value 5.753088e-03        
 Parameter wtau                 has been read with value 2.270000e-12        
 Parameter wz                   has been read with value 2.441404e+00        
 Parameter wh1                  has been read with value 5.753088e-03        
 Parameter wt                   has been read with value 1.508336e+00        
 Parameter lamws                has been read with value 2.253000e-01        
 Parameter rhows                has been read with value 1.320000e-01        
 Parameter aws                  has been read with value 8.080000e-01        
 Parameter etaws                has been read with value 3.410000e-01        
 Parameter yme                  has been read with value 5.110000e-04        
 Parameter ymm                  has been read with value 1.056600e-01        
 Parameter ymtau                has been read with value 1.777000e+00        
 Parameter ymb                  has been read with value 4.200000e+00        
 Parameter ymc                  has been read with value 1.270000e+00        
 Parameter ymt                  has been read with value 1.645000e+02        
 Parameter me                   has been read with value 5.110000e-04        
 Parameter mh                   has been read with value 125                 
 Parameter mm                   has been read with value 1.056600e-01        
 Parameter mta                  has been read with value 1.777000e+00        
 Parameter mz                   has been read with value 9.118800e+01        
 Parameter mp                   has been read with value 1.250000e+02        
 Parameter mb                   has been read with value 4.700000e+00        
 Parameter mc                   has been read with value 1.420000e+00        
 Parameter mt                   has been read with value 1.720000e+02        
 Parameter aewm1                has been read with value 1.325070e+02        
 Parameter as                   has been read with value 1.180000e-01        
 Parameter gf                   has been read with value 1.166390e-05        
 Parameter ww                   has been read with value 2.047600e+00        
 Parameter wh                   has been read with value 5.753088e-03        
 Parameter wtau                 has been read with value 2.270000e-12        
 Parameter wz                   has been read with value 2.441404e+00        
 Parameter wh1                  has been read with value 5.753088e-03        
 Parameter wt                   has been read with value 1.508336e+00        
